<?xml version="1.0" encoding="UTF-8"?>
<coverage generated="1733239186805" clover="3.2.0">
  <project timestamp="1733239186805" name="All files">
    <metrics statements="16" coveredstatements="2" conditionals="0" coveredconditionals="0" methods="6" coveredmethods="1" elements="22" coveredelements="3" complexity="0" loc="16" ncloc="16" packages="3" files="5" classes="5"/>
    <package name="application.usecase">
      <metrics statements="12" coveredstatements="2" conditionals="0" coveredconditionals="0" methods="4" coveredmethods="1"/>
      <file name="addUserUseCase.ts" path="D:\pedroperez\node-clean-architrecture\src\application\usecase\addUserUseCase.ts">
        <metrics statements="4" coveredstatements="0" conditionals="0" coveredconditionals="0" methods="2" coveredmethods="0"/>
        <line num="1" count="0" type="stmt"/>
        <line num="7" count="0" type="stmt"/>
        <line num="11" count="0" type="stmt"/>
        <line num="14" count="0" type="stmt"/>
      </file>
      <file name="dependencies.ts" path="D:\pedroperez\node-clean-architrecture\src\application\usecase\dependencies.ts">
        <metrics statements="6" coveredstatements="0" conditionals="0" coveredconditionals="0" methods="1" coveredmethods="0"/>
        <line num="1" count="0" type="stmt"/>
        <line num="2" count="0" type="stmt"/>
        <line num="3" count="0" type="stmt"/>
        <line num="5" count="0" type="stmt"/>
        <line num="6" count="0" type="stmt"/>
        <line num="8" count="0" type="stmt"/>
      </file>
      <file name="sumusecase.ts" path="D:\pedroperez\node-clean-architrecture\src\application\usecase\sumusecase.ts">
        <metrics statements="2" coveredstatements="2" conditionals="0" coveredconditionals="0" methods="1" coveredmethods="1"/>
        <line num="1" count="1" type="stmt"/>
        <line num="4" count="1" type="stmt"/>
      </file>
    </package>
    <package name="domain.model">
      <metrics statements="1" coveredstatements="0" conditionals="0" coveredconditionals="0" methods="0" coveredmethods="0"/>
      <file name="user.ts" path="D:\pedroperez\node-clean-architrecture\src\domain\model\user.ts">
        <metrics statements="1" coveredstatements="0" conditionals="0" coveredconditionals="0" methods="0" coveredmethods="0"/>
        <line num="3" count="0" type="stmt"/>
      </file>
    </package>
    <package name="infrastructure.Repositories">
      <metrics statements="3" coveredstatements="0" conditionals="0" coveredconditionals="0" methods="2" coveredmethods="0"/>
      <file name="UserRepository.ts" path="D:\pedroperez\node-clean-architrecture\src\infrastructure\Repositories\UserRepository.ts">
        <metrics statements="3" coveredstatements="0" conditionals="0" coveredconditionals="0" methods="2" coveredmethods="0"/>
        <line num="5" count="0" type="stmt"/>
        <line num="8" count="0" type="stmt"/>
        <line num="9" count="0" type="stmt"/>
      </file>
    </package>
  </project>
</coverage>
