{"D:\\pedroperez\\node-clean-architrecture\\src\\application\\usecase\\addUserUseCase.ts": {"path":"D:\\pedroperez\\node-clean-architrecture\\src\\application\\usecase\\addUserUseCase.ts","statementMap":{"0":{"start":{"line":1,"column":0},"end":{"line":1,"column":37}},"1":{"start":{"line":11,"column":8},"end":{"line":11,"column":null}},"2":{"start":{"line":14,"column":6},"end":{"line":14,"column":49}},"3":{"start":{"line":7,"column":0},"end":{"line":7,"column":13}}},"fnMap":{"0":{"name":"(anonymous_7)","decl":{"start":{"line":10,"column":4},"end":{"line":10,"column":null}},"loc":{"start":{"line":10,"column":4},"end":{"line":12,"column":5}}},"1":{"name":"(anonymous_8)","decl":{"start":{"line":13,"column":10},"end":{"line":13,"column":17}},"loc":{"start":{"line":13,"column":28},"end":{"line":15,"column":null}}}},"branchMap":{},"s":{"0":0,"1":0,"2":0,"3":0},"f":{"0":0,"1":0},"b":{}}
,"D:\\pedroperez\\node-clean-architrecture\\src\\application\\usecase\\dependencies.ts": {"path":"D:\\pedroperez\\node-clean-architrecture\\src\\application\\usecase\\dependencies.ts","statementMap":{"0":{"start":{"line":1,"column":0},"end":{"line":1,"column":9}},"1":{"start":{"line":8,"column":9},"end":{"line":1,"column":36}},"2":{"start":{"line":2,"column":0},"end":{"line":2,"column":49}},"3":{"start":{"line":3,"column":0},"end":{"line":3,"column":81}},"4":{"start":{"line":5,"column":0},"end":{"line":5,"column":66}},"5":{"start":{"line":6,"column":0},"end":{"line":6,"column":66}}},"fnMap":{"0":{"name":"(anonymous_0)","decl":{"start":{"line":8,"column":9},"end":{"line":8,"column":18}},"loc":{"start":{"line":8,"column":9},"end":{"line":1,"column":36}}}},"branchMap":{},"s":{"0":0,"1":0,"2":0,"3":0,"4":0,"5":0},"f":{"0":0},"b":{}}
,"D:\\pedroperez\\node-clean-architrecture\\src\\application\\usecase\\sumusecase.ts": {"path":"D:\\pedroperez\\node-clean-architrecture\\src\\application\\usecase\\sumusecase.ts","statementMap":{"0":{"start":{"line":4,"column":8},"end":{"line":4,"column":21}},"1":{"start":{"line":1,"column":0},"end":{"line":1,"column":13}}},"fnMap":{"0":{"name":"(anonymous_0)","decl":{"start":{"line":3,"column":4},"end":{"line":3,"column":7}},"loc":{"start":{"line":3,"column":12},"end":{"line":5,"column":5}}}},"branchMap":{},"s":{"0":1,"1":1},"f":{"0":1},"b":{}}
,"D:\\pedroperez\\node-clean-architrecture\\src\\domain\\model\\user.ts": {"path":"D:\\pedroperez\\node-clean-architrecture\\src\\domain\\model\\user.ts","statementMap":{"0":{"start":{"line":3,"column":0},"end":{"line":3,"column":13}}},"fnMap":{},"branchMap":{},"s":{"0":0},"f":{},"b":{}}
,"D:\\pedroperez\\node-clean-architrecture\\src\\infrastructure\\Repositories\\UserRepository.ts": {"path":"D:\\pedroperez\\node-clean-architrecture\\src\\infrastructure\\Repositories\\UserRepository.ts","statementMap":{"0":{"start":{"line":8,"column":8},"end":{"line":10,"column":11}},"1":{"start":{"line":9,"column":12},"end":{"line":9,"column":24}},"2":{"start":{"line":5,"column":0},"end":{"line":5,"column":14}}},"fnMap":{"0":{"name":"(anonymous_0)","decl":{"start":{"line":7,"column":4},"end":{"line":7,"column":7}},"loc":{"start":{"line":7,"column":18},"end":{"line":11,"column":5}}},"1":{"name":"(anonymous_1)","decl":{"start":{"line":8,"column":28},"end":{"line":8,"column":29}},"loc":{"start":{"line":8,"column":37},"end":{"line":10,"column":9}}}},"branchMap":{},"s":{"0":0,"1":0,"2":0},"f":{"0":0,"1":0},"b":{}}
}
